<?xml version="1.0" encoding="UTF-8"?>
<!-- Generated by org.testng.reporters.JUnitReportReporter -->
<testsuite hostname="Dell3568i37thgen" failures="0" tests="2" name="com.testngPractice.TestNgPractice2Test" time="0.013" errors="0" timestamp="2022-05-19T15:08:56 IST" skipped="0">
  <testcase classname="com.testngPractice.TestNgPractice2Test" name="practice2Test" time="0.009"/>
  <system-out>
    <![CDATA[TestNgpractice2Test--> Test2]]>
  </system-out>
  <testcase classname="com.testngPractice.TestNgPractice2Test" name="practice3Test" time="0.004"/>
  <system-out>
    <![CDATA[TestNgPractice2Test--> Test3]]>
  </system-out>
</testsuite> <!-- com.testngPractice.TestNgPractice2Test -->
