<?xml version="1.0" encoding="UTF-8"?>
<!-- Generated by org.testng.reporters.JUnitReportReporter -->
<testsuite hostname="Dell3568i37thgen" failures="0" tests="1" name="com.tyssvtigerTest.CreateOrgwithGroup" time="21.157" errors="0" timestamp="2022-05-18T17:33:39 IST" skipped="0">
  <testcase classname="com.tyssvtigerTest.CreateOrgwithGroup" name="createOrgWithGroup" time="21.157"/>
  <system-out/>
</testsuite> <!-- com.tyssvtigerTest.CreateOrgwithGroup -->
