<?xml version="1.0" encoding="UTF-8"?>
<!-- Generated by org.testng.reporters.JUnitReportReporter -->
<testsuite hostname="Dell3568i37thgen" failures="0" tests="1" name="com.tyssvtigerTest.CreateOrganizationWithMarketingGroupTest" time="9.608" errors="0" timestamp="2022-05-19T10:55:21 IST" skipped="0">
  <testcase classname="com.tyssvtigerTest.CreateOrganizationWithMarketingGroupTest" name="createOrganizationMarketingGroup" time="9.608"/>
  <system-out/>
</testsuite> <!-- com.tyssvtigerTest.CreateOrganizationWithMarketingGroupTest -->
