<?xml version="1.0" encoding="UTF-8"?>
<!-- Generated by org.testng.reporters.JUnitReportReporter -->
<testsuite hostname="Dell3568i37thgen" failures="0" tests="5" name="com.testngPractice.PracticeTest" time="0.026" errors="0" timestamp="2022-05-17T16:29:41 IST" skipped="0">
  <testcase classname="com.testngPractice.PracticeTest" name="practiceTest" time="0.004"/>
  <system-out>
    <![CDATA[username2    --->    password2]]>
  </system-out>
  <testcase classname="com.testngPractice.PracticeTest" name="practiceTest" time="0.004"/>
  <system-out>
    <![CDATA[username3    --->    password3]]>
  </system-out>
  <testcase classname="com.testngPractice.PracticeTest" name="practiceTest" time="0.009"/>
  <system-out>
    <![CDATA[username    --->    password]]>
  </system-out>
  <testcase classname="com.testngPractice.PracticeTest" name="practiceTest" time="0.005"/>
  <system-out>
    <![CDATA[username4    --->    password4]]>
  </system-out>
  <testcase classname="com.testngPractice.PracticeTest" name="practiceTest" time="0.004"/>
  <system-out>
    <![CDATA[username1    --->    password1]]>
  </system-out>
</testsuite> <!-- com.testngPractice.PracticeTest -->
