<?xml version="1.0" encoding="UTF-8"?>
<!-- Generated by org.testng.reporters.JUnitReportReporter -->
<testsuite hostname="Dell3568i37thgen" failures="0" tests="1" name="com.vtiger.compaignsTest.CreateCampaignNameTest" time="43.196" errors="0" timestamp="2022-05-26T17:32:25 IST" skipped="0">
  <testcase classname="com.vtiger.compaignsTest.CreateCampaignNameTest" name="createCampaignTest" time="43.196"/>
  <system-out/>
</testsuite> <!-- com.vtiger.compaignsTest.CreateCampaignNameTest -->
