<?xml version="1.0" encoding="UTF-8"?>
<!-- Generated by org.testng.reporters.JUnitReportReporter -->
<testsuite hostname="Dell3568i37thgen" failures="0" tests="1" name="com.vtiger.contactsTest.CreateContactTest" time="265.986" errors="0" timestamp="2022-05-24T11:39:35 IST" skipped="0">
  <testcase classname="com.vtiger.contactsTest.CreateContactTest" name="createcontactTest" time="265.986"/>
  <system-out/>
</testsuite> <!-- com.vtiger.contactsTest.CreateContactTest -->
