<?xml version="1.0" encoding="UTF-8"?>
<!-- Generated by org.testng.reporters.JUnitReportReporter -->
<testsuite hostname="Dell3568i37thgen" failures="0" tests="1" name="com.tyssvtigerTest.CreateOrganizationwithRatingTest" time="17.047" errors="0" timestamp="2022-05-19T10:53:23 IST" skipped="0">
  <testcase classname="com.tyssvtigerTest.CreateOrganizationwithRatingTest" name="createOrganizationRating" time="17.047"/>
  <system-out/>
</testsuite> <!-- com.tyssvtigerTest.CreateOrganizationwithRatingTest -->
