<?xml version="1.0" encoding="UTF-8"?>
<!-- Generated by org.testng.reporters.JUnitReportReporter -->
<testsuite hostname="Dell3568i37thgen" failures="0" tests="1" name="com.testngPractice.CreateCampaignNameTest" time="13.407" errors="0" timestamp="2022-05-18T12:04:11 IST" skipped="0">
  <testcase classname="com.testngPractice.CreateCampaignNameTest" name="createCampaignTest" time="13.407"/>
  <system-out/>
</testsuite> <!-- com.testngPractice.CreateCampaignNameTest -->
