<?xml version="1.0" encoding="UTF-8"?>
<!-- Generated by org.testng.reporters.JUnitReportReporter -->
<testsuite hostname="Dell3568i37thgen" failures="0" tests="1" name="com.vtiger.organizationTest.CreateOrganizationTest" time="40.717" errors="0" timestamp="2022-05-20T12:52:42 IST" skipped="0">
  <testcase classname="com.vtiger.organizationTest.CreateOrganizationTest" name="createOrganization" time="40.717"/>
  <system-out/>
</testsuite> <!-- com.vtiger.organizationTest.CreateOrganizationTest -->
