<?xml version="1.0" encoding="UTF-8"?>
<!-- Generated by org.testng.reporters.JUnitReportReporter -->
<testsuite hostname="Dell3568i37thgen" failures="0" tests="1" name="com.tyssvtigerTest.CreateOrgwithAdministrator" time="29.170" errors="0" timestamp="2022-05-18T23:36:13 IST" skipped="0">
  <testcase classname="com.tyssvtigerTest.CreateOrgwithAdministrator" name="createOrganizationWithAministrator" time="29.170"/>
  <system-out/>
</testsuite> <!-- com.tyssvtigerTest.CreateOrgwithAdministrator -->
